<?xml version="1.0" encoding="UTF-8"?>
<testng-results skipped="0" failed="0" total="1" passed="1">
  <reporter-output>
  </reporter-output>
  <suite name="Default suite" duration-ms="5604" started-at="2017-01-15T00:57:41Z" finished-at="2017-01-15T00:57:47Z">
    <groups>
    </groups>
    <test name="Default test" duration-ms="5604" started-at="2017-01-15T00:57:41Z" finished-at="2017-01-15T00:57:47Z">
      <class name="com.selenium.hybrid.testcases.GmailLogin">
        <test-method status="PASS" signature="doLogin()[pri:0, instance:com.selenium.hybrid.testcases.GmailLogin@5792a0]" name="doLogin" duration-ms="5589" started-at="2017-01-14T19:57:41Z" finished-at="2017-01-14T19:57:47Z">
          <reporter-output>
          </reporter-output>
        </test-method> <!-- doLogin -->
      </class> <!-- com.selenium.hybrid.testcases.GmailLogin -->
    </test> <!-- Default test -->
  </suite> <!-- Default suite -->
</testng-results>
